WARNING:nlp.text_cleaner:Modèle spaCy 'fr_core_news_sm' non trouvé. Installez avec: python -m spacy download fr_core_news_sm
WARNING:nlp.skills_extractor:Modèle spaCy non disponible
INFO:__main__:================================================================================
INFO:__main__:PIPELINE D'EXTRACTION DE COMPETENCES TECH
INFO:__main__:Mode: PROD
INFO:__main__:Export: all
INFO:__main__:================================================================================
INFO:pipeline:================================================================================
INFO:pipeline:PIPELINE D'EXTRACTION DE COMPETENCES - DEMARRAGE
INFO:pipeline:================================================================================
INFO:pipeline:
[ETAPE 1] SCRAPING DES OFFRES D'EMPLOI
INFO:pipeline:--------------------------------------------------------------------------------
INFO:pipeline:Récupération des offres d'emploi...
INFO:scrapping.scraper:
================================================================================
INFO:scrapping.scraper:SCRAPING RÉEL (BeautifulSoup + requests) - 200 offres minimum
INFO:scrapping.scraper:================================================================================

INFO:scrapping.scraper:🔄 ReKrute (Maroc) - PRIORITÉ...
INFO:scrapping.scraper:  Page 1: https://www.rekrute.com/offres.html?page=1
INFO:scrapping.scraper:    Trouvé 15 liens
INFO:scrapping.scraper:    ✓ 15 offres
INFO:scrapping.scraper:  Page 2: https://www.rekrute.com/offres.html?page=2
INFO:scrapping.scraper:    Trouvé 15 liens
INFO:scrapping.scraper:    ✓ 30 offres
INFO:scrapping.scraper:  Page 3: https://www.rekrute.com/offres.html?page=3
INFO:scrapping.scraper:    Trouvé 15 liens
INFO:scrapping.scraper:    ✓ 45 offres
INFO:scrapping.scraper:  Page 4: https://www.rekrute.com/offres.html?page=4
INFO:scrapping.scraper:    Trouvé 15 liens
INFO:scrapping.scraper:    ✓ 60 offres
INFO:scrapping.scraper:  Page 5: https://www.rekrute.com/offres.html?page=5
INFO:scrapping.scraper:    Trouvé 15 liens
INFO:scrapping.scraper:    ✓ 75 offres
INFO:scrapping.scraper:✅ 75 offres ReKrute

INFO:scrapping.scraper:🔄 Indeed.com (International + IT jobs)...
INFO:scrapping.scraper:  software engineer page 1: https://www.indeed.com/jobs?q=software+engineer&start=0
WARNING:scrapping.scraper:  Erreur software engineer page 1: 403 Client Error: Forbidden for url: https://www.indeed.com/jobs?q=software+engineer&start=0
INFO:scrapping.scraper:  software engineer page 2: https://www.indeed.com/jobs?q=software+engineer&start=10
WARNING:scrapping.scraper:  Erreur software engineer page 2: 403 Client Error: Forbidden for url: https://www.indeed.com/jobs?q=software+engineer&start=10
INFO:scrapping.scraper:  software engineer page 3: https://www.indeed.com/jobs?q=software+engineer&start=20
WARNING:scrapping.scraper:  Erreur software engineer page 3: 403 Client Error: Forbidden for url: https://www.indeed.com/jobs?q=software+engineer&start=20
INFO:scrapping.scraper:  software engineer page 4: https://www.indeed.com/jobs?q=software+engineer&start=30
WARNING:scrapping.scraper:  Erreur software engineer page 4: 403 Client Error: Forbidden for url: https://www.indeed.com/jobs?q=software+engineer&start=30
INFO:scrapping.scraper:  software engineer page 5: https://www.indeed.com/jobs?q=software+engineer&start=40
WARNING:scrapping.scraper:  Erreur software engineer page 5: 403 Client Error: Forbidden for url: https://www.indeed.com/jobs?q=software+engineer&start=40
INFO:scrapping.scraper:  python developer page 1: https://www.indeed.com/jobs?q=python+developer&start=0
WARNING:scrapping.scraper:  Erreur python developer page 1: 403 Client Error: Forbidden for url: https://www.indeed.com/jobs?q=python+developer&start=0
INFO:scrapping.scraper:  python developer page 2: https://www.indeed.com/jobs?q=python+developer&start=10
WARNING:scrapping.scraper:  Erreur python developer page 2: 403 Client Error: Forbidden for url: https://www.indeed.com/jobs?q=python+developer&start=10
INFO:scrapping.scraper:  python developer page 3: https://www.indeed.com/jobs?q=python+developer&start=20
WARNING:scrapping.scraper:  Erreur python developer page 3: 403 Client Error: Forbidden for url: https://www.indeed.com/jobs?q=python+developer&start=20
INFO:scrapping.scraper:  python developer page 4: https://www.indeed.com/jobs?q=python+developer&start=30
WARNING:scrapping.scraper:  Erreur python developer page 4: 403 Client Error: Forbidden for url: https://www.indeed.com/jobs?q=python+developer&start=30
INFO:scrapping.scraper:  python developer page 5: https://www.indeed.com/jobs?q=python+developer&start=40
WARNING:scrapping.scraper:  Erreur python developer page 5: 403 Client Error: Forbidden for url: https://www.indeed.com/jobs?q=python+developer&start=40
INFO:scrapping.scraper:  backend developer page 1: https://www.indeed.com/jobs?q=backend+developer&start=0
WARNING:scrapping.scraper:  Erreur backend developer page 1: 403 Client Error: Forbidden for url: https://www.indeed.com/jobs?q=backend+developer&start=0
INFO:scrapping.scraper:  backend developer page 2: https://www.indeed.com/jobs?q=backend+developer&start=10
WARNING:scrapping.scraper:  Erreur backend developer page 2: 403 Client Error: Forbidden for url: https://www.indeed.com/jobs?q=backend+developer&start=10
INFO:scrapping.scraper:  backend developer page 3: https://www.indeed.com/jobs?q=backend+developer&start=20
WARNING:scrapping.scraper:  Erreur backend developer page 3: 403 Client Error: Forbidden for url: https://www.indeed.com/jobs?q=backend+developer&start=20
INFO:scrapping.scraper:  backend developer page 4: https://www.indeed.com/jobs?q=backend+developer&start=30
WARNING:scrapping.scraper:  Erreur backend developer page 4: 403 Client Error: Forbidden for url: https://www.indeed.com/jobs?q=backend+developer&start=30
INFO:scrapping.scraper:  backend developer page 5: https://www.indeed.com/jobs?q=backend+developer&start=40
WARNING:scrapping.scraper:  Erreur backend developer page 5: 403 Client Error: Forbidden for url: https://www.indeed.com/jobs?q=backend+developer&start=40
INFO:scrapping.scraper:  devops engineer page 1: https://www.indeed.com/jobs?q=devops+engineer&start=0
WARNING:scrapping.scraper:  Erreur devops engineer page 1: 403 Client Error: Forbidden for url: https://www.indeed.com/jobs?q=devops+engineer&start=0
INFO:scrapping.scraper:  devops engineer page 2: https://www.indeed.com/jobs?q=devops+engineer&start=10
WARNING:scrapping.scraper:  Erreur devops engineer page 2: 403 Client Error: Forbidden for url: https://www.indeed.com/jobs?q=devops+engineer&start=10
INFO:scrapping.scraper:  devops engineer page 3: https://www.indeed.com/jobs?q=devops+engineer&start=20
WARNING:scrapping.scraper:  Erreur devops engineer page 3: 403 Client Error: Forbidden for url: https://www.indeed.com/jobs?q=devops+engineer&start=20
INFO:scrapping.scraper:  devops engineer page 4: https://www.indeed.com/jobs?q=devops+engineer&start=30
WARNING:scrapping.scraper:  Erreur devops engineer page 4: 403 Client Error: Forbidden for url: https://www.indeed.com/jobs?q=devops+engineer&start=30
INFO:scrapping.scraper:  devops engineer page 5: https://www.indeed.com/jobs?q=devops+engineer&start=40
WARNING:scrapping.scraper:  Erreur devops engineer page 5: 403 Client Error: Forbidden for url: https://www.indeed.com/jobs?q=devops+engineer&start=40
INFO:scrapping.scraper:  cloud architect page 1: https://www.indeed.com/jobs?q=cloud+architect&start=0
WARNING:scrapping.scraper:  Erreur cloud architect page 1: 403 Client Error: Forbidden for url: https://www.indeed.com/jobs?q=cloud+architect&start=0
INFO:scrapping.scraper:  cloud architect page 2: https://www.indeed.com/jobs?q=cloud+architect&start=10
WARNING:scrapping.scraper:  Erreur cloud architect page 2: 403 Client Error: Forbidden for url: https://www.indeed.com/jobs?q=cloud+architect&start=10
INFO:scrapping.scraper:  cloud architect page 3: https://www.indeed.com/jobs?q=cloud+architect&start=20
WARNING:scrapping.scraper:  Erreur cloud architect page 3: 403 Client Error: Forbidden for url: https://www.indeed.com/jobs?q=cloud+architect&start=20
INFO:scrapping.scraper:  cloud architect page 4: https://www.indeed.com/jobs?q=cloud+architect&start=30
WARNING:scrapping.scraper:  Erreur cloud architect page 4: 403 Client Error: Forbidden for url: https://www.indeed.com/jobs?q=cloud+architect&start=30
INFO:scrapping.scraper:  cloud architect page 5: https://www.indeed.com/jobs?q=cloud+architect&start=40
WARNING:scrapping.scraper:  Erreur cloud architect page 5: 403 Client Error: Forbidden for url: https://www.indeed.com/jobs?q=cloud+architect&start=40
WARNING:scrapping.scraper:⚠️  0 offres Indeed.com

INFO:scrapping.scraper:🔄 Stack Overflow Jobs...
INFO:scrapping.scraper:  Page 1: https://stackoverflow.com/jobs?pg=1
WARNING:scrapping.scraper:  Erreur page 1: 403 Client Error: Forbidden for url: https://stackoverflow.com/jobs?pg=1
INFO:scrapping.scraper:  Page 2: https://stackoverflow.com/jobs?pg=2
WARNING:scrapping.scraper:  Erreur page 2: 403 Client Error: Forbidden for url: https://stackoverflow.com/jobs?pg=2
WARNING:scrapping.scraper:⚠️  0 offres Stack Overflow

INFO:scrapping.scraper:
================================================================================
INFO:scrapping.scraper:RÉSUMÉ SCRAPING - 75 offres totales
INFO:scrapping.scraper:================================================================================
INFO:scrapping.scraper:Après suppression doublons: 31 offres uniques
INFO:scrapping.scraper:Sources: rekrute
INFO:scrapping.scraper:================================================================================

WARNING:scrapping.scraper:⚠️  ATTENTION: Seulement 31 offres trouvées (min demandé: 200)
INFO:pipeline:✓ 31 offres récupérées
INFO:pipeline:✓ Sauvegardé 31 offres dans /home/josh/ProjectTD/skill_extractor/data/raw/job_offers_raw.csv
INFO:pipeline:
[ETAPE 2] NETTOYAGE ET PRETRAITEMENT NLP
INFO:pipeline:--------------------------------------------------------------------------------
INFO:pipeline:Nettoyage des descriptions...
INFO:nlp.text_cleaner:Nettoyage de 31 offres...
INFO:nlp.text_cleaner:Nettoyage terminé
INFO:pipeline:✓ 31 offres nettoyées
INFO:pipeline:✓ Sauvegardé 31 offres dans /home/josh/ProjectTD/skill_extractor/data/processed/job_offers_cleaned.csv
INFO:pipeline:
[ETAPE 3] EXTRACTION DES COMPETENCES
INFO:pipeline:--------------------------------------------------------------------------------
INFO:pipeline:Extraction des compétences techniques...
INFO:nlp.skills_extractor:Extraction des compétences pour 31 offres...
INFO:nlp.skills_extractor:Extraction terminée
INFO:pipeline:✓ Compétences extraites pour 31 offres
INFO:pipeline:
Top 10 des compétences les plus demandées:
INFO:pipeline:  1. r: 31 occurrences
INFO:pipeline:  2. typescript: 27 occurrences
INFO:pipeline:
[ETAPE 4] VECTORISATION ET CLUSTERING
INFO:pipeline:--------------------------------------------------------------------------------
INFO:pipeline:Clustering des offres par profil...
INFO:modelling.clustering:Étape 1: Vectorisation...
INFO:modelling.embeddings:Chargement sentence-transformers...
INFO:sentence_transformers.SentenceTransformer:Use pytorch device_name: cpu
INFO:sentence_transformers.SentenceTransformer:Load pretrained SentenceTransformer: sentence-transformers/multilingual-MiniLM-L12-v2
WARNING:sentence_transformers.SentenceTransformer:No sentence-transformers model found with name sentence-transformers/multilingual-MiniLM-L12-v2. Creating a new one with mean pooling.
WARNING:modelling.embeddings:sentence-transformers non disponible: sentence-transformers: sentence-transformers/multilingual-MiniLM-L12-v2 is not a local folder and is not a valid model identifier listed on 'https://huggingface.co/models'
If this is a private repository, make sure to pass a token having permission to this repo either by logging in with `hf auth login` or by passing `token=<your_token>`
WARNING:modelling.embeddings:⚠️  Fallback: TF-IDF (performance limitée)
INFO:modelling.clustering:✓ Vectorizer initialisé avec tfidf
INFO:modelling.clustering:Vectorisation de 31 descriptions...
INFO:modelling.embeddings:TF-IDF pour 31 textes...
INFO:modelling.clustering:Étape 2: Clustering...
INFO:modelling.clustering:Clustering K-Means avec 5 clusters...
INFO:modelling.clustering:Étape 3: Statistiques...
INFO:modelling.clustering:Modèle sauvegardé: /home/josh/ProjectTD/skill_extractor/models/clustering_model.pkl
INFO:pipeline:✓ Clustering terminé
INFO:pipeline:
Statistiques par cluster:
INFO:pipeline:
  Cluster 0 (13 offres):
INFO:pipeline:    - typescript: 13
INFO:pipeline:    - r: 13
INFO:pipeline:
  Cluster 1 (3 offres):
INFO:pipeline:    - r: 3
INFO:pipeline:
  Cluster 2 (1 offres):
INFO:pipeline:    - r: 1
INFO:pipeline:
  Cluster 3 (13 offres):
INFO:pipeline:    - typescript: 13
INFO:pipeline:    - r: 13
INFO:pipeline:
  Cluster 4 (1 offres):
INFO:pipeline:    - typescript: 1
INFO:pipeline:    - r: 1
INFO:pipeline:
[ETAPE 5] RECOMMANDATIONS PERSONNALISEES
INFO:pipeline:--------------------------------------------------------------------------------
INFO:pipeline:Génération des recommandations personnalisées...
INFO:recommendtion.recommender:Génération des recommandations...
INFO:recommendtion.recommender:Analyse du profil data_engineer: 13 offres trouvées
INFO:recommendtion.recommender:Analyse du profil backend_dev: 3 offres trouvées
INFO:recommendtion.recommender:Analyse du profil devops_engineer: 1 offres trouvées
INFO:recommendtion.recommender:Analyse du profil ml_engineer: 13 offres trouvées
INFO:recommendtion.recommender:Recommandations générées pour tous les profils
INFO:pipeline:✓ Recommandations générées pour 4 profils
INFO:pipeline:✓ Recommandations sauvegardées dans /home/josh/ProjectTD/skill_extractor/data/processed/recommendations.json
INFO:pipeline:
================================================================================
INFO:pipeline:RESUME DU PIPELINE
INFO:pipeline:================================================================================
INFO:pipeline:• Offres brutes récupérées: 31
INFO:pipeline:• Total compétences extraites: 58
INFO:pipeline:• Compétences uniques: 2
INFO:pipeline:• Clusters formés: 5
INFO:pipeline:• Profils avec recommandations: 4
INFO:pipeline:================================================================================
INFO:pipeline:PIPELINE TERMINE AVEC SUCCES ✓
INFO:pipeline:================================================================================
INFO:__main__:Génération des visualisations...
INFO:__main__:Exportation des résultats...
INFO:utils.exporters:✓ Résumé des compétences exporté: /home/josh/ProjectTD/skill_extractor/data/processed/skills_summary.csv
INFO:utils.exporters:✓ Données exportées en JSON: /home/josh/ProjectTD/skill_extractor/data/processed/offers_with_skills.json
/home/josh/ProjectTD/skill_extractor/utils/exporters.py:55: SettingWithCopyWarning: 
A value is trying to be set on a copy of a slice from a DataFrame.
Try using .loc[row_indexer,col_indexer] = value instead

See the caveats in the documentation: https://pandas.pydata.org/pandas-docs/stable/user_guide/indexing.html#returning-a-view-versus-a-copy
  df_export["skills"] = df["extracted_skills"].apply(
ERROR:utils.exporters:pandas ou openpyxl non installés
ERROR:__main__:Erreur lors de l'exécution: 'NoneType' object has no attribute 'items'
Traceback (most recent call last):
  File "/home/josh/ProjectTD/skill_extractor/run_pipeline.py", line 110, in main
    visualizer.create_summary_report(
  File "/home/josh/ProjectTD/skill_extractor/utils/exporters.py", line 292, in create_summary_report
    for profile, data in recommendations.items():
                         ^^^^^^^^^^^^^^^^^^^^^
AttributeError: 'NoneType' object has no attribute 'items'

============================================================
🏆 TOP COMPETENCES LES PLUS DEMANDEES
============================================================
 1. r                     31 offres (100.0%) ████████████████████
 2. typescript            27 offres ( 87.1%) █████████████████
============================================================

============================================================
📊 RESUME DES CLUSTERS
============================================================

Data (Cluster 0)
  Taille: 13 offres
  Top compétences:
    - typescript: 13
    - r: 13

Backend (Cluster 1)
  Taille: 3 offres
  Top compétences:
    - r: 3

DevOps (Cluster 2)
  Taille: 1 offres
  Top compétences:
    - r: 1

AI/ML (Cluster 3)
  Taille: 13 offres
  Top compétences:
    - typescript: 13
    - r: 13

Frontend (Cluster 4)
  Taille: 1 offres
  Top compétences:
    - typescript: 1
    - r: 1

============================================================
